Release 14.7 - xst P.20131013 (nt64)
Copyright (c) 1995-2013 Xilinx, Inc.  All rights reserved.
--> Parameter TMPDIR set to xst/projnav.tmp


Total REAL time to Xst completion: 0.00 secs
Total CPU time to Xst completion: 0.13 secs
 
--> Parameter xsthdpdir set to xst


Total REAL time to Xst completion: 0.00 secs
Total CPU time to Xst completion: 0.13 secs
 
--> Reading design: suma.prj

TABLE OF CONTENTS
  1) Synthesis Options Summary
  2) HDL Compilation
  3) Design Hierarchy Analysis
  4) HDL Analysis
  5) HDL Synthesis
     5.1) HDL Synthesis Report
  6) Advanced HDL Synthesis
     6.1) Advanced HDL Synthesis Report
  7) Low Level Synthesis
  8) Partition Report
  9) Final Report
	9.1) Device utilization summary
	9.2) Partition Resource Summary
	9.3) TIMING REPORT


=========================================================================
*                      Synthesis Options Summary                        *
=========================================================================
---- Source Parameters
Input File Name                    : "suma.prj"
Input Format                       : mixed
Ignore Synthesis Constraint File   : NO

---- Target Parameters
Output File Name                   : "suma"
Output Format                      : NGC
Target Device                      : xc3s200-5-vq100

---- Source Options
Top Module Name                    : suma
Automatic FSM Extraction           : YES
FSM Encoding Algorithm             : Auto
Safe Implementation                : No
FSM Style                          : LUT
RAM Extraction                     : Yes
RAM Style                          : Auto
ROM Extraction                     : Yes
Mux Style                          : Auto
Decoder Extraction                 : YES
Priority Encoder Extraction        : Yes
Shift Register Extraction          : YES
Logical Shifter Extraction         : YES
XOR Collapsing                     : YES
ROM Style                          : Auto
Mux Extraction                     : Yes
Resource Sharing                   : YES
Asynchronous To Synchronous        : NO
Multiplier Style                   : Auto
Automatic Register Balancing       : No

---- Target Options
Add IO Buffers                     : YES
Global Maximum Fanout              : 100000
Add Generic Clock Buffer(BUFG)     : 8
Register Duplication               : YES
Slice Packing                      : YES
Optimize Instantiated Primitives   : NO
Use Clock Enable                   : Yes
Use Synchronous Set                : Yes
Use Synchronous Reset              : Yes
Pack IO Registers into IOBs        : Auto
Equivalent register Removal        : YES

---- General Options
Optimization Goal                  : Speed
Optimization Effort                : 1
Keep Hierarchy                     : No
Netlist Hierarchy                  : As_Optimized
RTL Output                         : Yes
Global Optimization                : AllClockNets
Read Cores                         : YES
Write Timing Constraints           : NO
Cross Clock Analysis               : NO
Hierarchy Separator                : /
Bus Delimiter                      : <>
Case Specifier                     : Maintain
Slice Utilization Ratio            : 100
BRAM Utilization Ratio             : 100
Verilog 2001                       : YES
Auto BRAM Packing                  : NO
Slice Utilization Ratio Delta      : 5

=========================================================================


=========================================================================
*                          HDL Compilation                              *
=========================================================================
Compiling vhdl file "C:/Users/esala/Desktop/Download/tmp/ejemplo_suma/suma.vhd" in Library work.
Architecture behavioral of Entity suma is up to date.

=========================================================================
*                     Design Hierarchy Analysis                         *
=========================================================================
Analyzing hierarchy for entity <suma> in library <work> (architecture <behavioral>).


=========================================================================
*                            HDL Analysis                               *
=========================================================================
Analyzing Entity <suma> in library <work> (Architecture <behavioral>).
Entity <suma> analyzed. Unit <suma> generated.


=========================================================================
*                           HDL Synthesis                               *
=========================================================================

Performing bidirectional port resolution...

Synthesizing Unit <suma>.
    Related source file is "C:/Users/esala/Desktop/Download/tmp/ejemplo_suma/suma.vhd".
    Found 9-bit adder for signal <ab>.
    Found 10-bit adder for signal <abcd>.
    Found 9-bit adder for signal <cd>.
    Summary:
	inferred   3 Adder/Subtractor(s).
Unit <suma> synthesized.


=========================================================================
HDL Synthesis Report

Macro Statistics
# Adders/Subtractors                                   : 3
 10-bit adder                                          : 1
 9-bit adder                                           : 2

=========================================================================

=========================================================================
*                       Advanced HDL Synthesis                          *
=========================================================================


=========================================================================
Advanced HDL Synthesis Report

Macro Statistics
# Adders/Subtractors                                   : 3
 10-bit adder                                          : 1
 9-bit adder                                           : 2

=========================================================================

=========================================================================
*                         Low Level Synthesis                           *
=========================================================================

Optimizing unit <suma> ...

Mapping all equations...
Building and optimizing final netlist ...
Found area constraint ratio of 100 (+ 5) on block suma, actual ratio is 0.

Final Macro Processing ...

=========================================================================
Final Register Report

Found no macro
=========================================================================

=========================================================================
*                           Partition Report                            *
=========================================================================

Partition Implementation Status
-------------------------------

  No Partitions were found in this design.

-------------------------------

=========================================================================
*                            Final Report                               *
=========================================================================
Final Results
RTL Top Level Output File Name     : suma.ngr
Top Level Output File Name         : suma
Output Format                      : NGC
Optimization Goal                  : Speed
Keep Hierarchy                     : No

Design Statistics
# IOs                              : 42

Cell Usage :
# BELS                             : 58
#      GND                         : 1
#      LUT2                        : 9
#      LUT3                        : 7
#      LUT4                        : 7
#      MUXCY                       : 17
#      XORCY                       : 17
# IO Buffers                       : 42
#      IBUF                        : 32
#      OBUF                        : 10
=========================================================================

Device utilization summary:
---------------------------

Selected Device : 3s200vq100-5 

 Number of Slices:                       12  out of   1920     0%  
 Number of 4 input LUTs:                 23  out of   3840     0%  
 Number of IOs:                          42
 Number of bonded IOBs:                  42  out of     63    66%  

---------------------------
Partition Resource Summary:
---------------------------

  No Partitions were found in this design.

---------------------------


=========================================================================
TIMING REPORT

NOTE: THESE TIMING NUMBERS ARE ONLY A SYNTHESIS ESTIMATE.
      FOR ACCURATE TIMING INFORMATION PLEASE REFER TO THE TRACE REPORT
      GENERATED AFTER PLACE-and-ROUTE.

Clock Information:
------------------
No clock signals found in this design

Asynchronous Control Signals Information:
----------------------------------------
No asynchronous control signals found in this design

Timing Summary:
---------------
Speed Grade: -5

   Minimum period: No path found
   Minimum input arrival time before clock: No path found
   Maximum output required time after clock: No path found
   Maximum combinational path delay: 13.329ns

Timing Detail:
--------------
All values displayed in nanoseconds (ns)

=========================================================================
Timing constraint: Default path analysis
  Total number of paths / destination ports: 1524 / 10
-------------------------------------------------------------------------
Delay:               13.329ns (Levels of Logic = 14)
  Source:            C<0> (PAD)
  Destination:       S<8> (PAD)

  Data Path: C<0> to S<8>
                                Gate     Net
    Cell:in->out      fanout   Delay   Delay  Logical Name (Net Name)
    ----------------------------------------  ------------
     IBUF:I->O             1   0.715   0.976  C_0_IBUF (C_0_IBUF)
     LUT2:I0->O            1   0.479   0.000  Madd_cd_lut<0> (Madd_cd_lut<0>)
     MUXCY:S->O            1   0.435   0.000  Madd_cd_cy<0> (Madd_cd_cy<0>)
     MUXCY:CI->O           1   0.056   0.000  Madd_cd_cy<1> (Madd_cd_cy<1>)
     MUXCY:CI->O           1   0.056   0.000  Madd_cd_cy<2> (Madd_cd_cy<2>)
     MUXCY:CI->O           1   0.056   0.000  Madd_cd_cy<3> (Madd_cd_cy<3>)
     MUXCY:CI->O           1   0.056   0.000  Madd_cd_cy<4> (Madd_cd_cy<4>)
     MUXCY:CI->O           1   0.056   0.000  Madd_cd_cy<5> (Madd_cd_cy<5>)
     XORCY:CI->O           2   0.786   0.915  Madd_cd_xor<6> (cd<6>)
     LUT3:I1->O            1   0.479   0.976  Madd_abcdC51 (Madd_abcdC5)
     LUT4:I0->O            1   0.479   0.000  Madd_abcd_Madd_lut<7> (Madd_abcd_Madd_lut<7>)
     MUXCY:S->O            1   0.435   0.000  Madd_abcd_Madd_cy<7> (Madd_abcd_Madd_cy<7>)
     XORCY:CI->O           1   0.786   0.681  Madd_abcd_Madd_xor<8> (S_8_OBUF)
     OBUF:I->O                 4.909          S_8_OBUF (S<8>)
    ----------------------------------------
    Total                     13.329ns (9.781ns logic, 3.548ns route)
                                       (73.4% logic, 26.6% route)

=========================================================================


Total REAL time to Xst completion: 7.00 secs
Total CPU time to Xst completion: 7.05 secs
 
--> 

Total memory usage is 4497008 kilobytes

Number of errors   :    0 (   0 filtered)
Number of warnings :    0 (   0 filtered)
Number of infos    :    0 (   0 filtered)

