Release 14.7 - xst P.20131013 (nt64)
Copyright (c) 1995-2013 Xilinx, Inc.  All rights reserved.
--> Parameter TMPDIR set to xst/projnav.tmp


Total REAL time to Xst completion: 0.00 secs
Total CPU time to Xst completion: 0.13 secs
 
--> Parameter xsthdpdir set to xst


Total REAL time to Xst completion: 0.00 secs
Total CPU time to Xst completion: 0.13 secs
 
--> Reading design: suma_registrada.prj

TABLE OF CONTENTS
  1) Synthesis Options Summary
  2) HDL Compilation
  3) Design Hierarchy Analysis
  4) HDL Analysis
  5) HDL Synthesis
     5.1) HDL Synthesis Report
  6) Advanced HDL Synthesis
     6.1) Advanced HDL Synthesis Report
  7) Low Level Synthesis
  8) Partition Report
  9) Final Report
	9.1) Device utilization summary
	9.2) Partition Resource Summary
	9.3) TIMING REPORT


=========================================================================
*                      Synthesis Options Summary                        *
=========================================================================
---- Source Parameters
Input File Name                    : "suma_registrada.prj"
Input Format                       : mixed
Ignore Synthesis Constraint File   : NO

---- Target Parameters
Output File Name                   : "suma_registrada"
Output Format                      : NGC
Target Device                      : xc3s200-5-vq100

---- Source Options
Top Module Name                    : suma_registrada
Automatic FSM Extraction           : YES
FSM Encoding Algorithm             : Auto
Safe Implementation                : No
FSM Style                          : LUT
RAM Extraction                     : Yes
RAM Style                          : Auto
ROM Extraction                     : Yes
Mux Style                          : Auto
Decoder Extraction                 : YES
Priority Encoder Extraction        : Yes
Shift Register Extraction          : YES
Logical Shifter Extraction         : YES
XOR Collapsing                     : YES
ROM Style                          : Auto
Mux Extraction                     : Yes
Resource Sharing                   : YES
Asynchronous To Synchronous        : NO
Multiplier Style                   : Auto
Automatic Register Balancing       : No

---- Target Options
Add IO Buffers                     : YES
Global Maximum Fanout              : 100000
Add Generic Clock Buffer(BUFG)     : 8
Register Duplication               : YES
Slice Packing                      : YES
Optimize Instantiated Primitives   : NO
Use Clock Enable                   : Yes
Use Synchronous Set                : Yes
Use Synchronous Reset              : Yes
Pack IO Registers into IOBs        : Auto
Equivalent register Removal        : YES

---- General Options
Optimization Goal                  : Speed
Optimization Effort                : 1
Keep Hierarchy                     : No
Netlist Hierarchy                  : As_Optimized
RTL Output                         : Yes
Global Optimization                : AllClockNets
Read Cores                         : YES
Write Timing Constraints           : NO
Cross Clock Analysis               : NO
Hierarchy Separator                : /
Bus Delimiter                      : <>
Case Specifier                     : Maintain
Slice Utilization Ratio            : 100
BRAM Utilization Ratio             : 100
Verilog 2001                       : YES
Auto BRAM Packing                  : NO
Slice Utilization Ratio Delta      : 5

=========================================================================


=========================================================================
*                          HDL Compilation                              *
=========================================================================
Compiling vhdl file "C:/Users/esala/Desktop/Download/tmp/ejemplo_pipeline/suma_registrada.vhd" in Library work.
Architecture behavioral of Entity suma_registrada is up to date.

=========================================================================
*                     Design Hierarchy Analysis                         *
=========================================================================
Analyzing hierarchy for entity <suma_registrada> in library <work> (architecture <behavioral>).


=========================================================================
*                            HDL Analysis                               *
=========================================================================
Analyzing Entity <suma_registrada> in library <work> (Architecture <behavioral>).
Entity <suma_registrada> analyzed. Unit <suma_registrada> generated.


=========================================================================
*                           HDL Synthesis                               *
=========================================================================

Performing bidirectional port resolution...

Synthesizing Unit <suma_registrada>.
    Related source file is "C:/Users/esala/Desktop/Download/tmp/ejemplo_pipeline/suma_registrada.vhd".
    Found 9-bit register for signal <ab>.
    Found 9-bit adder for signal <ab$add0000> created at line 22.
    Found 10-bit register for signal <abcd>.
    Found 10-bit adder for signal <abcd$add0000> created at line 24.
    Found 9-bit register for signal <cd>.
    Found 9-bit adder for signal <cd$add0000> created at line 23.
    Summary:
	inferred  28 D-type flip-flop(s).
	inferred   3 Adder/Subtractor(s).
Unit <suma_registrada> synthesized.


=========================================================================
HDL Synthesis Report

Macro Statistics
# Adders/Subtractors                                   : 3
 10-bit adder                                          : 1
 9-bit adder                                           : 2
# Registers                                            : 3
 10-bit register                                       : 1
 9-bit register                                        : 2

=========================================================================

=========================================================================
*                       Advanced HDL Synthesis                          *
=========================================================================


=========================================================================
Advanced HDL Synthesis Report

Macro Statistics
# Adders/Subtractors                                   : 3
 10-bit adder                                          : 1
 9-bit adder                                           : 2
# Registers                                            : 28
 Flip-Flops                                            : 28

=========================================================================

=========================================================================
*                         Low Level Synthesis                           *
=========================================================================

Optimizing unit <suma_registrada> ...

Mapping all equations...
Building and optimizing final netlist ...
Found area constraint ratio of 100 (+ 5) on block suma_registrada, actual ratio is 1.

Final Macro Processing ...

=========================================================================
Final Register Report

Macro Statistics
# Registers                                            : 28
 Flip-Flops                                            : 28

=========================================================================

=========================================================================
*                           Partition Report                            *
=========================================================================

Partition Implementation Status
-------------------------------

  No Partitions were found in this design.

-------------------------------

=========================================================================
*                            Final Report                               *
=========================================================================
Final Results
RTL Top Level Output File Name     : suma_registrada.ngr
Top Level Output File Name         : suma_registrada
Output Format                      : NGC
Optimization Goal                  : Speed
Keep Hierarchy                     : No

Design Statistics
# IOs                              : 43

Cell Usage :
# BELS                             : 76
#      GND                         : 1
#      LUT2                        : 25
#      MUXCY                       : 25
#      XORCY                       : 25
# FlipFlops/Latches                : 28
#      FD                          : 28
# Clock Buffers                    : 1
#      BUFGP                       : 1
# IO Buffers                       : 42
#      IBUF                        : 32
#      OBUF                        : 10
=========================================================================

Device utilization summary:
---------------------------

Selected Device : 3s200vq100-5 

 Number of Slices:                       25  out of   1920     1%  
 Number of Slice Flip Flops:             28  out of   3840     0%  
 Number of 4 input LUTs:                 25  out of   3840     0%  
 Number of IOs:                          43
 Number of bonded IOBs:                  43  out of     63    68%  
 Number of GCLKs:                         1  out of      8    12%  

---------------------------
Partition Resource Summary:
---------------------------

  No Partitions were found in this design.

---------------------------


=========================================================================
TIMING REPORT

NOTE: THESE TIMING NUMBERS ARE ONLY A SYNTHESIS ESTIMATE.
      FOR ACCURATE TIMING INFORMATION PLEASE REFER TO THE TRACE REPORT
      GENERATED AFTER PLACE-and-ROUTE.

Clock Information:
------------------
-----------------------------------+------------------------+-------+
Clock Signal                       | Clock buffer(FF name)  | Load  |
-----------------------------------+------------------------+-------+
clk                                | BUFGP                  | 28    |
-----------------------------------+------------------------+-------+

Asynchronous Control Signals Information:
----------------------------------------
No asynchronous control signals found in this design

Timing Summary:
---------------
Speed Grade: -5

   Minimum period: 3.866ns (Maximum Frequency: 258.642MHz)
   Minimum input arrival time before clock: 3.900ns
   Maximum output required time after clock: 6.216ns
   Maximum combinational path delay: No path found

Timing Detail:
--------------
All values displayed in nanoseconds (ns)

=========================================================================
Timing constraint: Default period analysis for Clock 'clk'
  Clock period: 3.866ns (frequency: 258.642MHz)
  Total number of paths / destination ports: 153 / 10
-------------------------------------------------------------------------
Delay:               3.866ns (Levels of Logic = 10)
  Source:            ab_0 (FF)
  Destination:       abcd_8 (FF)
  Source Clock:      clk rising
  Destination Clock: clk rising

  Data Path: ab_0 to abcd_8
                                Gate     Net
    Cell:in->out      fanout   Delay   Delay  Logical Name (Net Name)
    ----------------------------------------  ------------
     FD:C->Q               1   0.626   0.976  ab_0 (ab_0)
     LUT2:I0->O            1   0.479   0.000  Madd_abcd_add0000_lut<0> (Madd_abcd_add0000_lut<0>)
     MUXCY:S->O            1   0.435   0.000  Madd_abcd_add0000_cy<0> (Madd_abcd_add0000_cy<0>)
     MUXCY:CI->O           1   0.056   0.000  Madd_abcd_add0000_cy<1> (Madd_abcd_add0000_cy<1>)
     MUXCY:CI->O           1   0.056   0.000  Madd_abcd_add0000_cy<2> (Madd_abcd_add0000_cy<2>)
     MUXCY:CI->O           1   0.056   0.000  Madd_abcd_add0000_cy<3> (Madd_abcd_add0000_cy<3>)
     MUXCY:CI->O           1   0.056   0.000  Madd_abcd_add0000_cy<4> (Madd_abcd_add0000_cy<4>)
     MUXCY:CI->O           1   0.056   0.000  Madd_abcd_add0000_cy<5> (Madd_abcd_add0000_cy<5>)
     MUXCY:CI->O           1   0.056   0.000  Madd_abcd_add0000_cy<6> (Madd_abcd_add0000_cy<6>)
     MUXCY:CI->O           1   0.056   0.000  Madd_abcd_add0000_cy<7> (Madd_abcd_add0000_cy<7>)
     XORCY:CI->O           1   0.786   0.000  Madd_abcd_add0000_xor<8> (abcd_add0000<8>)
     FD:D                      0.176          abcd_8
    ----------------------------------------
    Total                      3.866ns (2.891ns logic, 0.976ns route)
                                       (74.8% logic, 25.2% route)

=========================================================================
Timing constraint: Default OFFSET IN BEFORE for Clock 'clk'
  Total number of paths / destination ports: 248 / 18
-------------------------------------------------------------------------
Offset:              3.900ns (Levels of Logic = 10)
  Source:            A<0> (PAD)
  Destination:       ab_7 (FF)
  Destination Clock: clk rising

  Data Path: A<0> to ab_7
                                Gate     Net
    Cell:in->out      fanout   Delay   Delay  Logical Name (Net Name)
    ----------------------------------------  ------------
     IBUF:I->O             1   0.715   0.976  A_0_IBUF (A_0_IBUF)
     LUT2:I0->O            1   0.479   0.000  Madd_ab_add0000_lut<0> (Madd_ab_add0000_lut<0>)
     MUXCY:S->O            1   0.435   0.000  Madd_ab_add0000_cy<0> (Madd_ab_add0000_cy<0>)
     MUXCY:CI->O           1   0.056   0.000  Madd_ab_add0000_cy<1> (Madd_ab_add0000_cy<1>)
     MUXCY:CI->O           1   0.056   0.000  Madd_ab_add0000_cy<2> (Madd_ab_add0000_cy<2>)
     MUXCY:CI->O           1   0.056   0.000  Madd_ab_add0000_cy<3> (Madd_ab_add0000_cy<3>)
     MUXCY:CI->O           1   0.056   0.000  Madd_ab_add0000_cy<4> (Madd_ab_add0000_cy<4>)
     MUXCY:CI->O           1   0.056   0.000  Madd_ab_add0000_cy<5> (Madd_ab_add0000_cy<5>)
     MUXCY:CI->O           1   0.056   0.000  Madd_ab_add0000_cy<6> (Madd_ab_add0000_cy<6>)
     XORCY:CI->O           1   0.786   0.000  Madd_ab_add0000_xor<7> (ab_add0000<7>)
     FD:D                      0.176          ab_7
    ----------------------------------------
    Total                      3.900ns (2.924ns logic, 0.976ns route)
                                       (75.0% logic, 25.0% route)

=========================================================================
Timing constraint: Default OFFSET OUT AFTER for Clock 'clk'
  Total number of paths / destination ports: 10 / 10
-------------------------------------------------------------------------
Offset:              6.216ns (Levels of Logic = 1)
  Source:            abcd_9 (FF)
  Destination:       S<9> (PAD)
  Source Clock:      clk rising

  Data Path: abcd_9 to S<9>
                                Gate     Net
    Cell:in->out      fanout   Delay   Delay  Logical Name (Net Name)
    ----------------------------------------  ------------
     FD:C->Q               1   0.626   0.681  abcd_9 (abcd_9)
     OBUF:I->O                 4.909          S_9_OBUF (S<9>)
    ----------------------------------------
    Total                      6.216ns (5.535ns logic, 0.681ns route)
                                       (89.0% logic, 11.0% route)

=========================================================================


Total REAL time to Xst completion: 7.00 secs
Total CPU time to Xst completion: 7.40 secs
 
--> 

Total memory usage is 4496976 kilobytes

Number of errors   :    0 (   0 filtered)
Number of warnings :    0 (   0 filtered)
Number of infos    :    0 (   0 filtered)

